e:\software projects\game engine - 1 - application startup\game engine\debug\vc140.pdb
e:\software projects\game engine - 1 - application startup\game engine\debug\vc140.idb
e:\software projects\game engine - 1 - application startup\game engine\debug\transform.obj
e:\software projects\game engine - 1 - application startup\game engine\debug\frameratecontroller.obj
e:\software projects\game engine - 1 - application startup\game engine\debug\inputmanager.obj
e:\software projects\game engine - 1 - application startup\game engine\debug\resourcemanager.obj
e:\software projects\game engine - 1 - application startup\game engine\debug\main.obj
e:\software projects\game engine - 1 - application startup\game engine\debug\gameobject.obj
e:\software projects\game engine - 1 - application startup\game engine\debug\sprite.obj
c:\sandbox\game engine - 1 - application startup\game engine\debug\vc140.pdb
c:\sandbox\game engine - 1 - application startup\game engine\debug\vc140.idb
c:\sandbox\game engine - 1 - application startup\game engine\debug\controller.obj
c:\sandbox\game engine - 1 - application startup\game engine\debug\updown.obj
c:\sandbox\game engine - 1 - application startup\game engine\debug\frameratecontroller.obj
c:\sandbox\game engine - 1 - application startup\game engine\debug\inputmanager.obj
c:\sandbox\game engine - 1 - application startup\game engine\debug\main.obj
c:\sandbox\game engine - 1 - application startup\game engine\debug\resourcemanager.obj
c:\sandbox\game engine - 1 - application startup\game engine\debug\gameobject.obj
c:\sandbox\game engine - 1 - application startup\game engine\debug\sprite.obj
c:\sandbox\game engine - 1 - application startup\game engine\debug\transform.obj
c:\sandbox\game engine - 1 - application startup\game engine\debug\linesegment2d.obj
c:\sandbox\game engine - 1 - application startup\game engine\debug\matrix2d.obj
c:\sandbox\game engine - 1 - application startup\game engine\debug\vector2d.obj
c:\sandbox\game engine - 1 - application startup\game engine\debug\math2d.obj
e:\software projects\game engine - 1 - application startup\game engine\debug\game engine.ilk
e:\software projects\game engine - 1 - application startup\game engine\debug\game engine.exe
e:\software projects\game engine - 1 - application startup\game engine\debug\game engine.pdb
c:\sandbox\game engine - 1 - application startup\game engine\debug\game engine.ilk
c:\sandbox\game engine - 1 - application startup\game engine\debug\game engine.exe
c:\sandbox\game engine - 1 - application startup\game engine\debug\game engine.pdb
c:\sandbox\game engine - 1 - application startup\game engine\debug\game engine.tlog\cl.command.1.tlog
c:\sandbox\game engine - 1 - application startup\game engine\debug\game engine.tlog\cl.read.1.tlog
c:\sandbox\game engine - 1 - application startup\game engine\debug\game engine.tlog\cl.write.1.tlog
c:\sandbox\game engine - 1 - application startup\game engine\debug\game engine.tlog\link.command.1.tlog
c:\sandbox\game engine - 1 - application startup\game engine\debug\game engine.tlog\link.read.1.tlog
c:\sandbox\game engine - 1 - application startup\game engine\debug\game engine.tlog\link.write.1.tlog
